# JRE version: Java(TM) SE Runtime Environment (16.0.1+9) (build 16.0.1+9-24)
# Java VM: Java HotSpot(TM) 64-Bit Server VM (16.0.1+9-24, mixed mode, sharing, tiered, compressed oops, compressed class ptrs, g1 gc, windows-amd64)
GC Precious Log:
 CPUs: 8 total, 8 available
 Memory: 16327M
 Large Page Support: Disabled
 NUMA Support: Disabled
 Compressed Oops: Enabled (Zero based)
 Heap Region Size: 2M
 Heap Min Capacity: 8M
 Heap Initial Capacity: 256M
 Heap Max Capacity: 4082M
 Pre-touch: Disabled
 Parallel Workers: 8
 Concurrent Workers: 2
 Concurrent Refinement Workers: 8
 Periodic GC: Disabled
Heap:
 garbage-first heap   total 69632K, used 33160K [0x0000000700e00000, 0x0000000800000000)
  region size 2048K, 10 young (20480K), 2 survivors (4096K)
 Metaspace       used 36178K, committed 36544K, reserved 1081344K
  class space    used 4955K, committed 5120K, reserved 1048576K
GC Heap History (18 events):
Event: 0.749 GC heap before
{Heap before GC invocations=0 (full 0):
 garbage-first heap   total 262144K, used 22528K [0x0000000700e00000, 0x0000000800000000)
  region size 2048K, 11 young (22528K), 0 survivors (0K)
 Metaspace       used 4285K, committed 4480K, reserved 1056768K
  class space    used 396K, committed 512K, reserved 1048576K
}
Event: 0.753 GC heap after
{Heap after GC invocations=1 (full 0):
 garbage-first heap   total 262144K, used 6187K [0x0000000700e00000, 0x0000000800000000)
  region size 2048K, 2 young (4096K), 2 survivors (4096K)
 Metaspace       used 4285K, committed 4480K, reserved 1056768K
  class space    used 396K, committed 512K, reserved 1048576K
}
Event: 1.142 GC heap before
{Heap before GC invocations=1 (full 0):
 garbage-first heap   total 262144K, used 34859K [0x0000000700e00000, 0x0000000800000000)
  region size 2048K, 16 young (32768K), 2 survivors (4096K)
 Metaspace       used 8183K, committed 8320K, reserved 1056768K
  class space    used 904K, committed 960K, reserved 1048576K
}
Event: 1.145 GC heap after
{Heap after GC invocations=2 (full 0):
 garbage-first heap   total 262144K, used 8170K [0x0000000700e00000, 0x0000000800000000)
  region size 2048K, 1 young (2048K), 1 survivors (2048K)
 Metaspace       used 8183K, committed 8320K, reserved 1056768K
  class space    used 904K, committed 960K, reserved 1048576K
}
Event: 2.322 GC heap before
{Heap before GC invocations=2 (full 0):
 garbage-first heap   total 262144K, used 143338K [0x0000000700e00000, 0x0000000800000000)
  region size 2048K, 68 young (139264K), 1 survivors (2048K)
 Metaspace       used 20985K, committed 21248K, reserved 1073152K
  class space    used 2672K, committed 2816K, reserved 1048576K
}
Event: 2.327 GC heap after
{Heap after GC invocations=3 (full 0):
 garbage-first heap   total 262144K, used 12441K [0x0000000700e00000, 0x0000000800000000)
  region size 2048K, 3 young (6144K), 3 survivors (6144K)
 Metaspace       used 20985K, committed 21248K, reserved 1073152K
  class space    used 2672K, committed 2816K, reserved 1048576K
}
Event: 2.537 GC heap before
{Heap before GC invocations=4 (full 0):
 garbage-first heap   total 61440K, used 59545K [0x0000000700e00000, 0x0000000800000000)
  region size 2048K, 26 young (53248K), 3 survivors (6144K)
 Metaspace       used 24484K, committed 24768K, reserved 1073152K
  class space    used 3080K, committed 3200K, reserved 1048576K
}
Event: 2.543 GC heap after
{Heap after GC invocations=5 (full 0):
 garbage-first heap   total 69632K, used 12980K [0x0000000700e00000, 0x0000000800000000)
  region size 2048K, 4 young (8192K), 4 survivors (8192K)
 Metaspace       used 24484K, committed 24768K, reserved 1073152K
  class space    used 3080K, committed 3200K, reserved 1048576K
}
Event: 2.833 GC heap before
{Heap before GC invocations=5 (full 0):
 garbage-first heap   total 69632K, used 45748K [0x0000000700e00000, 0x0000000800000000)
  region size 2048K, 20 young (40960K), 4 survivors (8192K)
 Metaspace       used 27456K, committed 27712K, reserved 1073152K
  class space    used 3513K, committed 3648K, reserved 1048576K
}
Event: 2.838 GC heap after
{Heap after GC invocations=6 (full 0):
 garbage-first heap   total 69632K, used 13743K [0x0000000700e00000, 0x0000000800000000)
  region size 2048K, 2 young (4096K), 2 survivors (4096K)
 Metaspace       used 27456K, committed 27712K, reserved 1073152K
  class space    used 3513K, committed 3648K, reserved 1048576K
}
Event: 3.177 GC heap before
{Heap before GC invocations=6 (full 0):
 garbage-first heap   total 69632K, used 46511K [0x0000000700e00000, 0x0000000800000000)
  region size 2048K, 18 young (36864K), 2 survivors (4096K)
 Metaspace       used 30243K, committed 30464K, reserved 1081344K
  class space    used 4038K, committed 4160K, reserved 1048576K
}
Event: 3.179 GC heap after
{Heap after GC invocations=7 (full 0):
 garbage-first heap   total 69632K, used 14070K [0x0000000700e00000, 0x0000000800000000)
  region size 2048K, 2 young (4096K), 2 survivors (4096K)
 Metaspace       used 30243K, committed 30464K, reserved 1081344K
  class space    used 4038K, committed 4160K, reserved 1048576K
}
Event: 3.632 GC heap before
{Heap before GC invocations=7 (full 0):
 garbage-first heap   total 69632K, used 48886K [0x0000000700e00000, 0x0000000800000000)
  region size 2048K, 19 young (38912K), 2 survivors (4096K)
 Metaspace       used 32845K, committed 33152K, reserved 1081344K
  class space    used 4472K, committed 4608K, reserved 1048576K
}
Event: 3.636 GC heap after
{Heap after GC invocations=8 (full 0):
 garbage-first heap   total 69632K, used 15923K [0x0000000700e00000, 0x0000000800000000)
  region size 2048K, 3 young (6144K), 3 survivors (6144K)
 Metaspace       used 32845K, committed 33152K, reserved 1081344K
  class space    used 4472K, committed 4608K, reserved 1048576K
}
Event: 3.976 GC heap before
{Heap before GC invocations=8 (full 0):
 garbage-first heap   total 69632K, used 48691K [0x0000000700e00000, 0x0000000800000000)
  region size 2048K, 19 young (38912K), 3 survivors (6144K)
 Metaspace       used 34801K, committed 35072K, reserved 1081344K
  class space    used 4740K, committed 4864K, reserved 1048576K
}
Event: 3.981 GC heap after
{Heap after GC invocations=9 (full 0):
 garbage-first heap   total 69632K, used 17749K [0x0000000700e00000, 0x0000000800000000)
  region size 2048K, 3 young (6144K), 3 survivors (6144K)
 Metaspace       used 34801K, committed 35072K, reserved 1081344K
  class space    used 4740K, committed 4864K, reserved 1048576K
}
Event: 4.186 GC heap before
{Heap before GC invocations=9 (full 0):
 garbage-first heap   total 69632K, used 30037K [0x0000000700e00000, 0x0000000800000000)
  region size 2048K, 10 young (20480K), 3 survivors (6144K)
 Metaspace       used 35349K, committed 35648K, reserved 1081344K
  class space    used 4807K, committed 4992K, reserved 1048576K
}
Event: 4.191 GC heap after
{Heap after GC invocations=10 (full 0):
 garbage-first heap   total 69632K, used 18824K [0x0000000700e00000, 0x0000000800000000)
  region size 2048K, 2 young (4096K), 2 survivors (4096K)
 Metaspace       used 35349K, committed 35648K, reserved 1081344K
  class space    used 4807K, committed 4992K, reserved 1048576K
}

